<?xml version="1.0" encoding="UTF-8"?>
<testng-results ignored="0" total="7" passed="7" failed="0" skipped="0">
  <reporter-output>
  </reporter-output>
  <suite started-at="2024-08-23T08:38:01 IST" name="Test Suite for Buildout" finished-at="2024-08-23T08:38:54 IST" duration-ms="52888">
    <groups>
    </groups>
    <test started-at="2024-08-23T08:38:01 IST" name="Test Cases for Buildout" finished-at="2024-08-23T08:38:54 IST" duration-ms="52888">
      <class name="demo.TestCases">
        <test-method is-config="true" signature="startBrowser()[pri:0, instance:demo.TestCases@4b6e2263]" started-at="2024-08-23T08:38:01 IST" name="startBrowser" finished-at="2024-08-23T08:38:03 IST" duration-ms="1763" status="PASS">
          <reporter-output>
          </reporter-output>
        </test-method> <!-- startBrowser -->
        <test-method signature="testCase01()[pri:0, instance:demo.TestCases@4b6e2263]" started-at="2024-08-23T08:38:03 IST" name="testCase01" finished-at="2024-08-23T08:38:08 IST" duration-ms="4786" status="PASS">
          <reporter-output>
          </reporter-output>
        </test-method> <!-- testCase01 -->
        <test-method signature="testCase02()[pri:0, instance:demo.TestCases@4b6e2263]" started-at="2024-08-23T08:38:08 IST" name="testCase02" finished-at="2024-08-23T08:38:20 IST" duration-ms="11954" status="PASS">
          <reporter-output>
          </reporter-output>
        </test-method> <!-- testCase02 -->
        <test-method signature="testCase03()[pri:0, instance:demo.TestCases@4b6e2263]" started-at="2024-08-23T08:38:20 IST" name="testCase03" finished-at="2024-08-23T08:38:26 IST" duration-ms="5996" status="PASS">
          <reporter-output>
          </reporter-output>
        </test-method> <!-- testCase03 -->
        <test-method signature="testCase04()[pri:0, instance:demo.TestCases@4b6e2263]" started-at="2024-08-23T08:38:26 IST" name="testCase04" finished-at="2024-08-23T08:38:31 IST" duration-ms="5068" status="PASS">
          <reporter-output>
          </reporter-output>
        </test-method> <!-- testCase04 -->
        <test-method signature="testCase05(java.lang.String)[pri:0, instance:demo.TestCases@4b6e2263]" started-at="2024-08-23T08:38:31 IST" name="testCase05" data-provider="excelData" finished-at="2024-08-23T08:38:38 IST" duration-ms="6468" status="PASS">
          <params>
            <param index="0">
              <value>
                <![CDATA[Movies]]>
              </value>
            </param>
          </params>
          <reporter-output>
          </reporter-output>
        </test-method> <!-- testCase05 -->
        <test-method signature="testCase05(java.lang.String)[pri:0, instance:demo.TestCases@4b6e2263]" started-at="2024-08-23T08:38:38 IST" name="testCase05" data-provider="excelData" finished-at="2024-08-23T08:38:44 IST" duration-ms="6458" status="PASS">
          <params>
            <param index="0">
              <value>
                <![CDATA[Music]]>
              </value>
            </param>
          </params>
          <reporter-output>
          </reporter-output>
        </test-method> <!-- testCase05 -->
        <test-method signature="testCase05(java.lang.String)[pri:0, instance:demo.TestCases@4b6e2263]" started-at="2024-08-23T08:38:44 IST" name="testCase05" data-provider="excelData" finished-at="2024-08-23T08:38:53 IST" duration-ms="9349" status="PASS">
          <params>
            <param index="0">
              <value>
                <![CDATA[Games]]>
              </value>
            </param>
          </params>
          <reporter-output>
          </reporter-output>
        </test-method> <!-- testCase05 -->
        <test-method is-config="true" signature="endTest()[pri:0, instance:demo.TestCases@4b6e2263]" started-at="2024-08-23T08:38:53 IST" name="endTest" finished-at="2024-08-23T08:38:54 IST" duration-ms="693" status="PASS">
          <reporter-output>
          </reporter-output>
        </test-method> <!-- endTest -->
      </class> <!-- demo.TestCases -->
    </test> <!-- Test Cases for Buildout -->
  </suite> <!-- Test Suite for Buildout -->
</testng-results>
